Using pre-set license
Built from '2020.2/staging' branch; Version is '2020.2.7f1 (c53830e277f1) revision 12924976'; Using compiler version '192528614'; Build Type 'Release'
OS: 'Windows 10 Pro; OS build 19041.1288; Version 2004; 64bit' Language: 'fr' Physical Memory: 32672 MB
BatchMode: 1, IsHumanControllingUs: 0, StartBugReporterOnCrash: 0, Is64bit: 1, IsPro: 0

 COMMAND LINE ARGUMENTS:
C:\Program Files\Unity\Hub\Editor\2020.2.7f1\Editor\Unity.exe
-adb2
-batchMode
-noUpm
-name
AssetImportWorker0
-projectPath
D:/Game dev/Unity/Gamejam/gamejamcolor2022_backup1
-logFile
Logs/AssetImportWorker0.log
-srvPort
58695
Successfully changed project path to: D:/Game dev/Unity/Gamejam/gamejamcolor2022_backup1
D:/Game dev/Unity/Gamejam/gamejamcolor2022_backup1
Using Asset Import Pipeline V2.
Refreshing native plugins compatible for Editor in 28.86 ms, found 0 plugins.
Preloading 0 native plugins for Editor in 0.00 ms.
Initialize engine version: 2020.2.7f1 (c53830e277f1)
[Subsystems] Discovering subsystems at path C:/Program Files/Unity/Hub/Editor/2020.2.7f1/Editor/Data/Resources/UnitySubsystems
[Subsystems] Discovering subsystems at path D:/Game dev/Unity/Gamejam/gamejamcolor2022_backup1/Assets
GfxDevice: creating device client; threaded=0
Direct3D:
    Version:  Direct3D 11.0 [level 11.1]
    Renderer: NVIDIA GeForce RTX 3080 (ID=0x2216)
    Vendor:   
    VRAM:     10078 MB
    Driver:   30.0.14.9709
Initialize mono
Mono path[0] = 'C:/Program Files/Unity/Hub/Editor/2020.2.7f1/Editor/Data/Managed'
Mono path[1] = 'C:/Program Files/Unity/Hub/Editor/2020.2.7f1/Editor/Data/MonoBleedingEdge/lib/mono/unityjit'
Mono config path = 'C:/Program Files/Unity/Hub/Editor/2020.2.7f1/Editor/Data/MonoBleedingEdge/etc'
Using monoOptions --debugger-agent=transport=dt_socket,embedding=1,server=y,suspend=n,address=127.0.0.1:56388
Begin MonoManager ReloadAssembly
Registering precompiled unity dll's ...
Register platform support module: C:/Program Files/Unity/Hub/Editor/2020.2.7f1/Editor/Data/PlaybackEngines/WebGLSupport/UnityEditor.WebGL.Extensions.dll
Register platform support module: C:/Program Files/Unity/Hub/Editor/2020.2.7f1/Editor/Data/PlaybackEngines/WindowsStandaloneSupport/UnityEditor.WindowsStandalone.Extensions.dll
Registered in 0.001586 seconds.
Native extension for WindowsStandalone target not found
Native extension for WebGL target not found
Refreshing native plugins compatible for Editor in 25.46 ms, found 0 plugins.
Preloading 0 native plugins for Editor in 0.00 ms.
Invoked RoslynAnalysisRunner static constructor.
RoslynAnalysisRunner will not be running.
RoslynAnalysisRunner has terminated.
Mono: successfully reloaded assembly
- Completed reload, in  0.900 seconds
Platform modules already initialized, skipping
Registering precompiled user dll's ...
Registered in 0.000647 seconds.
Begin MonoManager ReloadAssembly
Native extension for WindowsStandalone target not found
Native extension for WebGL target not found
Refreshing native plugins compatible for Editor in 28.26 ms, found 0 plugins.
Preloading 0 native plugins for Editor in 0.00 ms.
Invoked RoslynAnalysisRunner static constructor.
RoslynAnalysisRunner will not be running.
RoslynAnalysisRunner has terminated.
Mono: successfully reloaded assembly
- Completed reload, in  0.817 seconds
Platform modules already initialized, skipping
========================================================================
Worker process is ready to serve import requests
Launched and connected shader compiler UnityShaderCompiler.exe after 0.03 seconds
Refreshing native plugins compatible for Editor in 0.33 ms, found 0 plugins.
Preloading 0 native plugins for Editor in 0.00 ms.
Unloading 1422 Unused Serialized files (Serialized files now loaded: 0)
System memory in use before: 87.4 MB.
System memory in use after: 87.5 MB.

Unloading 10 unused Assets to reduce memory usage. Loaded Objects now: 1881.
Total: 2.097300 ms (FindLiveObjects: 0.200900 ms CreateObjectMapping: 0.057300 ms MarkObjects: 1.763400 ms  DeleteObjects: 0.074900 ms)

========================================================================
Received Import Request.
  path: Assets/Assets/Scripts/PlayerController.cs
  artifactKey: Guid(9387e40a8cd6488478fe0d7107e6f8d6) Importer(815301076,1909f56bfc062723c751e8b465ee728b)
Start importing Assets/Assets/Scripts/PlayerController.cs using Guid(9387e40a8cd6488478fe0d7107e6f8d6) Importer(815301076,1909f56bfc062723c751e8b465ee728b)  -> (artifact id: 'a6089ee331168620aa20cbb68c189717') in 0.020783 seconds
  Import took 0.025329 seconds .

========================================================================
Received Import Request.
  Time since last request: 0.000325 seconds.
  path: Assets/Assets/Scripts/LevelChanger.cs
  artifactKey: Guid(d5f7cb503c4aa9141ba913562e2d421a) Importer(815301076,1909f56bfc062723c751e8b465ee728b)
Start importing Assets/Assets/Scripts/LevelChanger.cs using Guid(d5f7cb503c4aa9141ba913562e2d421a) Importer(815301076,1909f56bfc062723c751e8b465ee728b)  -> (artifact id: '4fb4d637230b70da9a2d8b49139c23f1') in 0.008584 seconds
  Import took 0.012872 seconds .

========================================================================
Received Import Request.
  Time since last request: 175.484143 seconds.
  path: Assets/Scenes/StartMenu.unity
  artifactKey: Guid(ed98a388b9861f740b486c85533ee7bc) Importer(815301076,1909f56bfc062723c751e8b465ee728b)
Start importing Assets/Scenes/StartMenu.unity using Guid(ed98a388b9861f740b486c85533ee7bc) Importer(815301076,1909f56bfc062723c751e8b465ee728b)  -> (artifact id: 'd8f37465fcc0740d9e9292aca2cf9c34') in 0.011130 seconds
  Import took 0.013651 seconds .

