Using pre-set license
Built from '2020.2/staging' branch; Version is '2020.2.7f1 (c53830e277f1) revision 12924976'; Using compiler version '192528614'; Build Type 'Release'
OS: 'Windows 10 Pro; OS build 19044.1526; Version 2009; 64bit' Language: 'fr' Physical Memory: 8097 MB
BatchMode: 1, IsHumanControllingUs: 0, StartBugReporterOnCrash: 0, Is64bit: 1, IsPro: 0

 COMMAND LINE ARGUMENTS:
C:\Program Files\Unity\Hub\Editor\2020.2.7f1\Editor\Unity.exe
-adb2
-batchMode
-noUpm
-name
AssetImportWorker0
-projectPath
C:/Users/Sukai/Documents/Unity/gamejamcolor/projetgit/gamejamcolor2022
-logFile
Logs/AssetImportWorker0.log
-srvPort
1057
Successfully changed project path to: C:/Users/Sukai/Documents/Unity/gamejamcolor/projetgit/gamejamcolor2022
C:/Users/Sukai/Documents/Unity/gamejamcolor/projetgit/gamejamcolor2022
Using Asset Import Pipeline V2.
Refreshing native plugins compatible for Editor in 25.85 ms, found 0 plugins.
Preloading 0 native plugins for Editor in 0.00 ms.
Initialize engine version: 2020.2.7f1 (c53830e277f1)
[Subsystems] Discovering subsystems at path C:/Program Files/Unity/Hub/Editor/2020.2.7f1/Editor/Data/Resources/UnitySubsystems
[Subsystems] Discovering subsystems at path C:/Users/Sukai/Documents/Unity/gamejamcolor/projetgit/gamejamcolor2022/Assets
GfxDevice: creating device client; threaded=0
Direct3D:
    Version:  Direct3D 11.0 [level 11.1]
    Renderer: NVIDIA GeForce GTX 1650 SUPER (ID=0x2187)
    Vendor:   
    VRAM:     3955 MB
    Driver:   27.21.14.6589
Initialize mono
Mono path[0] = 'C:/Program Files/Unity/Hub/Editor/2020.2.7f1/Editor/Data/Managed'
Mono path[1] = 'C:/Program Files/Unity/Hub/Editor/2020.2.7f1/Editor/Data/MonoBleedingEdge/lib/mono/unityjit'
Mono config path = 'C:/Program Files/Unity/Hub/Editor/2020.2.7f1/Editor/Data/MonoBleedingEdge/etc'
Using monoOptions --debugger-agent=transport=dt_socket,embedding=1,server=y,suspend=n,address=127.0.0.1:56272
Begin MonoManager ReloadAssembly
Registering precompiled unity dll's ...
Register platform support module: C:/Program Files/Unity/Hub/Editor/2020.2.7f1/Editor/Data/PlaybackEngines/WindowsStandaloneSupport/UnityEditor.WindowsStandalone.Extensions.dll
Registered in 0.001291 seconds.
Native extension for WindowsStandalone target not found
Refreshing native plugins compatible for Editor in 26.34 ms, found 0 plugins.
Preloading 0 native plugins for Editor in 0.00 ms.
Invoked RoslynAnalysisRunner static constructor.
RoslynAnalysisRunner will not be running.
RoslynAnalysisRunner has terminated.
Mono: successfully reloaded assembly
- Completed reload, in  0.789 seconds
Platform modules already initialized, skipping
Registering precompiled user dll's ...
Registered in 0.000897 seconds.
Begin MonoManager ReloadAssembly
Native extension for WindowsStandalone target not found
Refreshing native plugins compatible for Editor in 26.61 ms, found 0 plugins.
Preloading 0 native plugins for Editor in 0.00 ms.
Invoked RoslynAnalysisRunner static constructor.
RoslynAnalysisRunner will not be running.
RoslynAnalysisRunner has terminated.
Mono: successfully reloaded assembly
- Completed reload, in  0.760 seconds
Platform modules already initialized, skipping
========================================================================
Worker process is ready to serve import requests
Launched and connected shader compiler UnityShaderCompiler.exe after 0.03 seconds
Refreshing native plugins compatible for Editor in 0.26 ms, found 0 plugins.
Preloading 0 native plugins for Editor in 0.00 ms.
Unloading 1422 Unused Serialized files (Serialized files now loaded: 0)
System memory in use before: 87.4 MB.
System memory in use after: 87.4 MB.

Unloading 10 unused Assets to reduce memory usage. Loaded Objects now: 1881.
Total: 1.983600 ms (FindLiveObjects: 0.225100 ms CreateObjectMapping: 0.100200 ms MarkObjects: 1.576900 ms  DeleteObjects: 0.080200 ms)

========================================================================
Received Import Request.
  path: Assets/Scenes/MainScene.unity
  artifactKey: Guid(def2c606c2d64e446807a77bae10acb5) Importer(815301076,1909f56bfc062723c751e8b465ee728b)
Start importing Assets/Scenes/MainScene.unity using Guid(def2c606c2d64e446807a77bae10acb5) Importer(815301076,1909f56bfc062723c751e8b465ee728b)  -> (artifact id: '1be4d0809735f320bcdeca8a00309d48') in 0.011636 seconds
  Import took 0.013937 seconds .

========================================================================
Received Import Request.
  Time since last request: 3.766696 seconds.
  path: Assets/Scenes/Main.unity
  artifactKey: Guid(f55c5cdd5c0be1347a2bb718b03ece21) Importer(815301076,1909f56bfc062723c751e8b465ee728b)
Start importing Assets/Scenes/Main.unity using Guid(f55c5cdd5c0be1347a2bb718b03ece21) Importer(815301076,1909f56bfc062723c751e8b465ee728b)  -> (artifact id: '5010d8c2ac72fec0428f0b320de8244d') in 0.003575 seconds
  Import took 0.005917 seconds .

========================================================================
Received Import Request.
  Time since last request: 5.937888 seconds.
  path: Assets/Scenes/SampleScene.unity
  artifactKey: Guid(229841b7fadd7344f807e082085fd9db) Importer(815301076,1909f56bfc062723c751e8b465ee728b)
Start importing Assets/Scenes/SampleScene.unity using Guid(229841b7fadd7344f807e082085fd9db) Importer(815301076,1909f56bfc062723c751e8b465ee728b)  -> (artifact id: '382494014797f0036989ba377420d447') in 0.006299 seconds
  Import took 0.008596 seconds .

========================================================================
Received Import Request.
  Time since last request: 16.041624 seconds.
  path: Assets/Scenes/MainScene.unity
  artifactKey: Guid(def2c606c2d64e446807a77bae10acb5) Importer(815301076,1909f56bfc062723c751e8b465ee728b)
Start importing Assets/Scenes/MainScene.unity using Guid(def2c606c2d64e446807a77bae10acb5) Importer(815301076,1909f56bfc062723c751e8b465ee728b)  -> (artifact id: '314d222d9b4642d1b7b46365d199858b') in 0.002216 seconds
  Import took 0.004507 seconds .

========================================================================
Received Import Request.
  Time since last request: 37.329788 seconds.
  path: Assets/Scenes/StartMenu.unity
  artifactKey: Guid(ed98a388b9861f740b486c85533ee7bc) Importer(815301076,1909f56bfc062723c751e8b465ee728b)
Start importing Assets/Scenes/StartMenu.unity using Guid(ed98a388b9861f740b486c85533ee7bc) Importer(815301076,1909f56bfc062723c751e8b465ee728b)  -> (artifact id: 'e8b725bb3b08785b09bdea49aec11a08') in 0.007018 seconds
  Import took 0.009223 seconds .

========================================================================
Received Prepare
Registering precompiled user dll's ...
Registered in 0.000959 seconds.
Begin MonoManager ReloadAssembly
Native extension for WindowsStandalone target not found
Refreshing native plugins compatible for Editor in 0.41 ms, found 0 plugins.
Preloading 0 native plugins for Editor in 0.00 ms.
Invoked RoslynAnalysisRunner static constructor.
RoslynAnalysisRunner will not be running.
RoslynAnalysisRunner has terminated.
Mono: successfully reloaded assembly
- Completed reload, in  0.706 seconds
Platform modules already initialized, skipping
Refreshing native plugins compatible for Editor in 0.27 ms, found 0 plugins.
Preloading 0 native plugins for Editor in 0.00 ms.
Unloading 1318 Unused Serialized files (Serialized files now loaded: 0)
System memory in use before: 82.9 MB.
System memory in use after: 83.0 MB.

Unloading 6 unused Assets to reduce memory usage. Loaded Objects now: 1884.
Total: 1.473000 ms (FindLiveObjects: 0.153300 ms CreateObjectMapping: 0.048400 ms MarkObjects: 1.211300 ms  DeleteObjects: 0.059300 ms)

========================================================================
Received Prepare
Registering precompiled user dll's ...
Registered in 0.001010 seconds.
Begin MonoManager ReloadAssembly
Native extension for WindowsStandalone target not found
Refreshing native plugins compatible for Editor in 0.27 ms, found 0 plugins.
Preloading 0 native plugins for Editor in 0.00 ms.
Invoked RoslynAnalysisRunner static constructor.
RoslynAnalysisRunner will not be running.
RoslynAnalysisRunner has terminated.
Mono: successfully reloaded assembly
- Completed reload, in  0.680 seconds
Platform modules already initialized, skipping
Refreshing native plugins compatible for Editor in 0.30 ms, found 0 plugins.
Preloading 0 native plugins for Editor in 0.00 ms.
Unloading 1318 Unused Serialized files (Serialized files now loaded: 0)
System memory in use before: 82.9 MB.
System memory in use after: 83.0 MB.

Unloading 6 unused Assets to reduce memory usage. Loaded Objects now: 1887.
Total: 1.919000 ms (FindLiveObjects: 0.190700 ms CreateObjectMapping: 0.051500 ms MarkObjects: 1.608200 ms  DeleteObjects: 0.067200 ms)

========================================================================
Received Import Request.
  Time since last request: 96.816362 seconds.
  path: Assets/Scenes/Main.unity
  artifactKey: Guid(f55c5cdd5c0be1347a2bb718b03ece21) Importer(815301076,1909f56bfc062723c751e8b465ee728b)
Start importing Assets/Scenes/Main.unity using Guid(f55c5cdd5c0be1347a2bb718b03ece21) Importer(815301076,1909f56bfc062723c751e8b465ee728b)  -> (artifact id: '3a0a120233de1893aa9826de79f22702') in 0.014812 seconds
  Import took 0.017126 seconds .

========================================================================
Received Prepare
Registering precompiled user dll's ...
Registered in 0.001012 seconds.
Begin MonoManager ReloadAssembly
Native extension for WindowsStandalone target not found
Refreshing native plugins compatible for Editor in 0.26 ms, found 0 plugins.
Preloading 0 native plugins for Editor in 0.00 ms.
Invoked RoslynAnalysisRunner static constructor.
RoslynAnalysisRunner will not be running.
RoslynAnalysisRunner has terminated.
Mono: successfully reloaded assembly
- Completed reload, in  0.702 seconds
Platform modules already initialized, skipping
Refreshing native plugins compatible for Editor in 0.27 ms, found 0 plugins.
Preloading 0 native plugins for Editor in 0.00 ms.
Unloading 1318 Unused Serialized files (Serialized files now loaded: 0)
System memory in use before: 83.0 MB.
System memory in use after: 83.0 MB.

Unloading 6 unused Assets to reduce memory usage. Loaded Objects now: 1890.
Total: 1.520100 ms (FindLiveObjects: 0.150300 ms CreateObjectMapping: 0.044400 ms MarkObjects: 1.254700 ms  DeleteObjects: 0.069900 ms)

========================================================================
Received Prepare
Refreshing native plugins compatible for Editor in 0.86 ms, found 0 plugins.
Preloading 0 native plugins for Editor in 0.00 ms.
Unloading 4 Unused Serialized files (Serialized files now loaded: 0)
System memory in use before: 56.9 MB.
System memory in use after: 57.0 MB.

Unloading 4 unused Assets to reduce memory usage. Loaded Objects now: 1890.
Total: 2.762500 ms (FindLiveObjects: 0.347000 ms CreateObjectMapping: 0.076700 ms MarkObjects: 2.253800 ms  DeleteObjects: 0.081900 ms)

AssetImportWorkerClient::OnTransportError - code=2 error=End of file
